This is pdfTeX, Version 3.14159265-2.6-1.40.17 (TeX Live 2016) (preloaded format=pdflatex 2016.5.22)  2 MAY 2017 16:28
entering extended mode
 restricted \write18 enabled.
 file:line:error style messages enabled.
 %&-line parsing enabled.
**Americas_Warzone.tex
(./Americas_Warzone.tex
LaTeX2e <2016/03/31>
Babel <3.9r> and hyphenation patterns for 83 language(s) loaded.
(/usr/local/texlive/2016/texmf-dist/tex/latex/base/article.cls
Document Class: article 2014/09/29 v1.4h Standard LaTeX document class
(/usr/local/texlive/2016/texmf-dist/tex/latex/base/size10.clo
File: size10.clo 2014/09/29 v1.4h Standard LaTeX file (size option)
)
\c@part=\count79
\c@section=\count80
\c@subsection=\count81
\c@subsubsection=\count82
\c@paragraph=\count83
\c@subparagraph=\count84
\c@figure=\count85
\c@table=\count86
\abovecaptionskip=\skip41
\belowcaptionskip=\skip42
\bibindent=\dimen102
)
(./nips15submit_e.sty
(/usr/local/texlive/2016/texmf-dist/tex/latex/eso-pic/eso-pic.sty
Package: eso-pic 2015/07/21 v2.0g eso-pic (RN)

(/usr/local/texlive/2016/texmf-dist/tex/generic/oberdiek/atbegshi.sty
Package: atbegshi 2016/05/16 v1.17 At begin shipout hook (HO)

(/usr/local/texlive/2016/texmf-dist/tex/generic/oberdiek/infwarerr.sty
Package: infwarerr 2016/05/16 v1.4 Providing info/warning/error messages (HO)
)
(/usr/local/texlive/2016/texmf-dist/tex/generic/oberdiek/ltxcmds.sty
Package: ltxcmds 2016/05/16 v1.23 LaTeX kernel commands for general use (HO)
)
(/usr/local/texlive/2016/texmf-dist/tex/generic/oberdiek/ifpdf.sty
Package: ifpdf 2016/05/14 v3.1 Provides the ifpdf switch
))
(/usr/local/texlive/2016/texmf-dist/tex/latex/graphics/keyval.sty
Package: keyval 2014/10/28 v1.15 key=value parser (DPC)
\KV@toks@=\toks14
)
(/usr/local/texlive/2016/texmf-dist/tex/latex/xcolor/xcolor.sty
Package: xcolor 2016/05/11 v2.12 LaTeX color extensions (UK)

(/usr/local/texlive/2016/texmf-dist/tex/latex/graphics-cfg/color.cfg
File: color.cfg 2016/01/02 v1.6 sample color configuration
)
Package xcolor Info: Driver file: pdftex.def on input line 225.

(/usr/local/texlive/2016/texmf-dist/tex/latex/pdftex-def/pdftex.def
File: pdftex.def 2011/05/27 v0.06d Graphics/color for pdfTeX
\Gread@gobject=\count87
)
Package xcolor Info: Model `cmy' substituted by `cmy0' on input line 1348.
Package xcolor Info: Model `hsb' substituted by `rgb' on input line 1352.
Package xcolor Info: Model `RGB' extended on input line 1364.
Package xcolor Info: Model `HTML' substituted by `rgb' on input line 1366.
Package xcolor Info: Model `Hsb' substituted by `hsb' on input line 1367.
Package xcolor Info: Model `tHsb' substituted by `hsb' on input line 1368.
Package xcolor Info: Model `HSB' substituted by `hsb' on input line 1369.
Package xcolor Info: Model `Gray' substituted by `gray' on input line 1370.
Package xcolor Info: Model `wave' substituted by `hsb' on input line 1371.
))
\nipsrulerbox=\box26
\nipsrulercount=\count88
\nipsruleroffset=\dimen103
\cv@lineheight=\dimen104
\cv@boxheight=\dimen105
\cv@tmpbox=\box27
\cv@refno=\count89
\cv@tot=\count90
\cv@tmpc@=\count91
\cv@tmpc=\count92
)
(/usr/local/texlive/2016/texmf-dist/tex/latex/psnfss/times.sty
Package: times 2005/04/12 PSNFSS-v9.2a (SPQR) 
)
(/usr/local/texlive/2016/texmf-dist/tex/latex/hyperref/hyperref.sty
Package: hyperref 2016/05/05 v6.83n Hypertext links for LaTeX

(/usr/local/texlive/2016/texmf-dist/tex/generic/oberdiek/hobsub-hyperref.sty
Package: hobsub-hyperref 2016/05/16 v1.14 Bundle oberdiek, subset hyperref (HO)


(/usr/local/texlive/2016/texmf-dist/tex/generic/oberdiek/hobsub-generic.sty
Package: hobsub-generic 2016/05/16 v1.14 Bundle oberdiek, subset generic (HO)
Package: hobsub 2016/05/16 v1.14 Construct package bundles (HO)
Package hobsub Info: Skipping package `infwarerr' (already loaded).
Package hobsub Info: Skipping package `ltxcmds' (already loaded).
Package: ifluatex 2016/05/16 v1.4 Provides the ifluatex switch (HO)
Package ifluatex Info: LuaTeX not detected.
Package: ifvtex 2016/05/16 v1.6 Detect VTeX and its facilities (HO)
Package ifvtex Info: VTeX not detected.
Package: intcalc 2016/05/16 v1.2 Expandable calculations with integers (HO)
Package hobsub Info: Skipping package `ifpdf' (already loaded).
Package: etexcmds 2016/05/16 v1.6 Avoid name clashes with e-TeX commands (HO)
Package etexcmds Info: Could not find \expanded.
(etexcmds)             That can mean that you are not using pdfTeX 1.50 or
(etexcmds)             that some package has redefined \expanded.
(etexcmds)             In the latter case, load this package earlier.
Package: kvsetkeys 2016/05/16 v1.17 Key value parser (HO)
Package: kvdefinekeys 2016/05/16 v1.4 Define keys (HO)
Package: pdftexcmds 2016/05/10 v0.21 Utility functions of pdfTeX for LuaTeX (HO
)
Package pdftexcmds Info: LuaTeX not detected.
Package pdftexcmds Info: \pdf@primitive is available.
Package pdftexcmds Info: \pdf@ifprimitive is available.
Package pdftexcmds Info: \pdfdraftmode found.
Package: pdfescape 2016/05/16 v1.14 Implements pdfTeX's escape features (HO)
Package: bigintcalc 2016/05/16 v1.4 Expandable calculations on big integers (HO
)
Package: bitset 2016/05/16 v1.2 Handle bit-vector datatype (HO)
Package: uniquecounter 2016/05/16 v1.3 Provide unlimited unique counter (HO)
)
Package hobsub Info: Skipping package `hobsub' (already loaded).
Package: letltxmacro 2016/05/16 v1.5 Let assignment for LaTeX macros (HO)
Package: hopatch 2016/05/16 v1.3 Wrapper for package hooks (HO)
Package: xcolor-patch 2016/05/16 xcolor patch
Package: atveryend 2016/05/16 v1.9 Hooks at the very end of document (HO)
Package atveryend Info: \enddocument detected (standard20110627).
Package hobsub Info: Skipping package `atbegshi' (already loaded).
Package: refcount 2016/05/16 v3.5 Data extraction from label references (HO)
Package: hycolor 2016/05/16 v1.8 Color options for hyperref/bookmark (HO)
)
(/usr/local/texlive/2016/texmf-dist/tex/generic/ifxetex/ifxetex.sty
Package: ifxetex 2010/09/12 v0.6 Provides ifxetex conditional
)
(/usr/local/texlive/2016/texmf-dist/tex/latex/oberdiek/auxhook.sty
Package: auxhook 2016/05/16 v1.4 Hooks for auxiliary files (HO)
)
(/usr/local/texlive/2016/texmf-dist/tex/latex/oberdiek/kvoptions.sty
Package: kvoptions 2016/05/16 v3.12 Key value format for package options (HO)
)
\@linkdim=\dimen106
\Hy@linkcounter=\count93
\Hy@pagecounter=\count94

(/usr/local/texlive/2016/texmf-dist/tex/latex/hyperref/pd1enc.def
File: pd1enc.def 2016/05/05 v6.83n Hyperref: PDFDocEncoding definition (HO)
)
\Hy@SavedSpaceFactor=\count95

(/usr/local/texlive/2016/texmf-dist/tex/latex/latexconfig/hyperref.cfg
File: hyperref.cfg 2002/06/06 v1.2 hyperref configuration of TeXLive
)
Package hyperref Info: Hyper figures OFF on input line 4446.
Package hyperref Info: Link nesting OFF on input line 4451.
Package hyperref Info: Hyper index ON on input line 4454.
Package hyperref Info: Plain pages OFF on input line 4461.
Package hyperref Info: Backreferencing OFF on input line 4466.
Package hyperref Info: Implicit mode ON; LaTeX internals redefined.
Package hyperref Info: Bookmarks ON on input line 4691.
\c@Hy@tempcnt=\count96

(/usr/local/texlive/2016/texmf-dist/tex/latex/url/url.sty
\Urlmuskip=\muskip10
Package: url 2013/09/16  ver 3.4  Verb mode for urls, etc.
)
LaTeX Info: Redefining \url on input line 5044.
\XeTeXLinkMargin=\dimen107
\Fld@menulength=\count97
\Field@Width=\dimen108
\Fld@charsize=\dimen109
Package hyperref Info: Hyper figures OFF on input line 6298.
Package hyperref Info: Link nesting OFF on input line 6303.
Package hyperref Info: Hyper index ON on input line 6306.
Package hyperref Info: backreferencing OFF on input line 6313.
Package hyperref Info: Link coloring OFF on input line 6318.
Package hyperref Info: Link coloring with OCG OFF on input line 6323.
Package hyperref Info: PDF/A mode OFF on input line 6328.
LaTeX Info: Redefining \ref on input line 6368.
LaTeX Info: Redefining \pageref on input line 6372.
\Hy@abspage=\count98
\c@Item=\count99
\c@Hfootnote=\count100
)

Package hyperref Message: Driver (autodetected): hpdftex.

(/usr/local/texlive/2016/texmf-dist/tex/latex/hyperref/hpdftex.def
File: hpdftex.def 2016/05/05 v6.83n Hyperref driver for pdfTeX
\Fld@listcount=\count101
\c@bookmark@seq@number=\count102

(/usr/local/texlive/2016/texmf-dist/tex/latex/oberdiek/rerunfilecheck.sty
Package: rerunfilecheck 2016/05/16 v1.8 Rerun checks for auxiliary files (HO)
Package uniquecounter Info: New unique counter `rerunfilecheck' on input line 2
82.
)
\Hy@SectionHShift=\skip43
)
(/usr/local/texlive/2016/texmf-dist/tex/latex/lineno/lineno.sty
Package: lineno 2005/11/02 line numbers on paragraphs v4.41
\linenopenalty=\count103
\output=\toks15
\linenoprevgraf=\count104
\linenumbersep=\dimen110
\linenumberwidth=\dimen111
\c@linenumber=\count105
\c@pagewiselinenumber=\count106
\c@LN@truepage=\count107
\c@internallinenumber=\count108
\c@internallinenumbers=\count109
\quotelinenumbersep=\dimen112
\bframerule=\dimen113
\bframesep=\dimen114
\bframebox=\box28
LaTeX Info: Redefining \\ on input line 3056.
)
(/usr/local/texlive/2016/texmf-dist/tex/latex/graphics/graphicx.sty
Package: graphicx 2014/10/28 v1.0g Enhanced LaTeX Graphics (DPC,SPQR)

(/usr/local/texlive/2016/texmf-dist/tex/latex/graphics/graphics.sty
Package: graphics 2016/05/09 v1.0r Standard LaTeX Graphics (DPC,SPQR)

(/usr/local/texlive/2016/texmf-dist/tex/latex/graphics/trig.sty
Package: trig 2016/01/03 v1.10 sin cos tan (DPC)
)
(/usr/local/texlive/2016/texmf-dist/tex/latex/graphics-cfg/graphics.cfg
File: graphics.cfg 2016/01/02 v1.10 sample graphics configuration
)
Package graphics Info: Driver file: pdftex.def on input line 96.
)
\Gin@req@height=\dimen115
\Gin@req@width=\dimen116
)
(/usr/local/texlive/2016/texmf-dist/tex/latex/amsmath/amsmath.sty
Package: amsmath 2016/03/10 v2.15b AMS math features
\@mathmargin=\skip44

For additional information on amsmath, use the `?' option.
(/usr/local/texlive/2016/texmf-dist/tex/latex/amsmath/amstext.sty
Package: amstext 2000/06/29 v2.01 AMS text

(/usr/local/texlive/2016/texmf-dist/tex/latex/amsmath/amsgen.sty
File: amsgen.sty 1999/11/30 v2.0 generic functions
\@emptytoks=\toks16
\ex@=\dimen117
))
(/usr/local/texlive/2016/texmf-dist/tex/latex/amsmath/amsbsy.sty
Package: amsbsy 1999/11/29 v1.2d Bold Symbols
\pmbraise@=\dimen118
)
(/usr/local/texlive/2016/texmf-dist/tex/latex/amsmath/amsopn.sty
Package: amsopn 2016/03/08 v2.02 operator names
)
\inf@bad=\count110
LaTeX Info: Redefining \frac on input line 199.
\uproot@=\count111
\leftroot@=\count112
LaTeX Info: Redefining \overline on input line 297.
\classnum@=\count113
\DOTSCASE@=\count114
LaTeX Info: Redefining \ldots on input line 394.
LaTeX Info: Redefining \dots on input line 397.
LaTeX Info: Redefining \cdots on input line 518.
\Mathstrutbox@=\box29
\strutbox@=\box30
\big@size=\dimen119
LaTeX Font Info:    Redeclaring font encoding OML on input line 634.
LaTeX Font Info:    Redeclaring font encoding OMS on input line 635.
\macc@depth=\count115
\c@MaxMatrixCols=\count116
\dotsspace@=\muskip11
\c@parentequation=\count117
\dspbrk@lvl=\count118
\tag@help=\toks17
\row@=\count119
\column@=\count120
\maxfields@=\count121
\andhelp@=\toks18
\eqnshift@=\dimen120
\alignsep@=\dimen121
\tagshift@=\dimen122
\tagwidth@=\dimen123
\totwidth@=\dimen124
\lineht@=\dimen125
\@envbody=\toks19
\multlinegap=\skip45
\multlinetaggap=\skip46
\mathdisplay@stack=\toks20
LaTeX Info: Redefining \[ on input line 2739.
LaTeX Info: Redefining \] on input line 2740.
)
(/usr/local/texlive/2016/texmf-dist/tex/latex/tools/multicol.sty
Package: multicol 2016/04/07 v1.8p multicolumn formatting (FMi)
\c@tracingmulticols=\count122
\mult@box=\box31
\multicol@leftmargin=\dimen126
\c@unbalance=\count123
\c@collectmore=\count124
\doublecol@number=\count125
\multicoltolerance=\count126
\multicolpretolerance=\count127
\full@width=\dimen127
\page@free=\dimen128
\premulticols=\dimen129
\postmulticols=\dimen130
\multicolsep=\skip47
\multicolbaselineskip=\skip48
\partial@page=\box32
\last@line=\box33
\maxbalancingoverflow=\dimen131
\mult@rightbox=\box34
\mult@grightbox=\box35
\mult@gfirstbox=\box36
\mult@firstbox=\box37
\@tempa=\box38
\@tempa=\box39
\@tempa=\box40
\@tempa=\box41
\@tempa=\box42
\@tempa=\box43
\@tempa=\box44
\@tempa=\box45
\@tempa=\box46
\@tempa=\box47
\@tempa=\box48
\@tempa=\box49
\@tempa=\box50
\@tempa=\box51
\@tempa=\box52
\@tempa=\box53
\@tempa=\box54
\c@columnbadness=\count128
\c@finalcolumnbadness=\count129
\last@try=\dimen132
\multicolovershoot=\dimen133
\multicolundershoot=\dimen134
\mult@nat@firstbox=\box55
\colbreak@box=\box56
\mc@col@check@num=\count130
)
(/usr/local/texlive/2016/texmf-dist/tex/latex/listings/listings.sty
\lst@mode=\count131
\lst@gtempboxa=\box57
\lst@token=\toks21
\lst@length=\count132
\lst@currlwidth=\dimen135
\lst@column=\count133
\lst@pos=\count134
\lst@lostspace=\dimen136
\lst@width=\dimen137
\lst@newlines=\count135
\lst@lineno=\count136
\lst@maxwidth=\dimen138

(/usr/local/texlive/2016/texmf-dist/tex/latex/listings/lstmisc.sty
File: lstmisc.sty 2015/06/04 1.6 (Carsten Heinz)
\c@lstnumber=\count137
\lst@skipnumbers=\count138
\lst@framebox=\box58
)
(/usr/local/texlive/2016/texmf-dist/tex/latex/listings/listings.cfg
File: listings.cfg 2015/06/04 1.6 listings configuration
))
Package: listings 2015/06/04 1.6 (Carsten Heinz)

(/usr/local/texlive/2016/texmf-dist/tex/latex/float/float.sty
Package: float 2001/11/08 v1.3d Float enhancements (AL)
\c@float@type=\count139
\float@exts=\toks22
\float@box=\box59
\@float@everytoks=\toks23
\@floatcapt=\box60
)
(/usr/local/texlive/2016/texmf-dist/tex/latex/amsfonts/amsfonts.sty
Package: amsfonts 2013/01/14 v3.01 Basic AMSFonts support
\symAMSa=\mathgroup4
\symAMSb=\mathgroup5
LaTeX Font Info:    Overwriting math alphabet `\mathfrak' in version `bold'
(Font)                  U/euf/m/n --> U/euf/b/n on input line 106.
)
(/usr/local/texlive/2016/texmf-dist/tex/latex/breqn/breqn.sty
(/usr/local/texlive/2016/texmf-dist/tex/latex/l3kernel/expl3.sty
Package: expl3 2016/05/18 v6512 L3 programming layer (loader) 

(/usr/local/texlive/2016/texmf-dist/tex/latex/l3kernel/expl3-code.tex
Package: expl3 2016/05/18 v6512 L3 programming layer (code)
L3 Module: l3bootstrap 2016/02/12 v6412 L3 Bootstrap code
L3 Module: l3names 2016/03/11 v6433 L3 Namespace for primitives
L3 Module: l3basics 2015/11/22 v6315 L3 Basic definitions
L3 Module: l3expan 2015/09/10 v5983 L3 Argument expansion
L3 Module: l3tl 2016/03/26 v6465 L3 Token lists
L3 Module: l3str 2016/03/24 v6441 L3 Strings
L3 Module: l3seq 2015/08/05 v5777 L3 Sequences and stacks
L3 Module: l3int 2016/03/24 v6441 L3 Integers
\c_max_int=\count140
\l_tmpa_int=\count141
\l_tmpb_int=\count142
\g_tmpa_int=\count143
\g_tmpb_int=\count144
L3 Module: l3quark 2015/08/17 v5855 L3 Quarks
L3 Module: l3prg 2015/11/01 v6216 L3 Control structures
\g__prg_map_int=\count145
L3 Module: l3clist 2015/09/02 v5901 L3 Comma separated lists
L3 Module: l3token 2016/04/03 v6470 L3 Experimental token manipulation
L3 Module: l3prop 2016/01/05 v6366 L3 Property lists
L3 Module: l3msg 2016/03/26 v6464 L3 Messages
L3 Module: l3file 2016/03/25 v6458 L3 File and I/O operations
\l_iow_line_count_int=\count146
\l__iow_target_count_int=\count147
\l__iow_current_line_int=\count148
\l__iow_current_word_int=\count149
\l__iow_current_indentation_int=\count150
L3 Module: l3skip 2016/01/05 v6366 L3 Dimensions and skips
\c_zero_dim=\dimen139
\c_max_dim=\dimen140
\l_tmpa_dim=\dimen141
\l_tmpb_dim=\dimen142
\g_tmpa_dim=\dimen143
\g_tmpb_dim=\dimen144
\c_zero_skip=\skip49
\c_max_skip=\skip50
\l_tmpa_skip=\skip51
\l_tmpb_skip=\skip52
\g_tmpa_skip=\skip53
\g_tmpb_skip=\skip54
\c_zero_muskip=\muskip12
\c_max_muskip=\muskip13
\l_tmpa_muskip=\muskip14
\l_tmpb_muskip=\muskip15
\g_tmpa_muskip=\muskip16
\g_tmpb_muskip=\muskip17
L3 Module: l3keys 2015/11/17 v6284 L3 Key-value interfaces
\g__keyval_level_int=\count151
\l_keys_choice_int=\count152
L3 Module: l3fp 2016/03/26 v6465 L3 Floating points
\c__fp_leading_shift_int=\count153
\c__fp_middle_shift_int=\count154
\c__fp_trailing_shift_int=\count155
\c__fp_big_leading_shift_int=\count156
\c__fp_big_middle_shift_int=\count157
\c__fp_big_trailing_shift_int=\count158
\c__fp_Bigg_leading_shift_int=\count159
\c__fp_Bigg_middle_shift_int=\count160
\c__fp_Bigg_trailing_shift_int=\count161
L3 Module: l3box 2015/08/09 v5822 L3 Experimental boxes
\c_empty_box=\box61
\l_tmpa_box=\box62
\l_tmpb_box=\box63
\g_tmpa_box=\box64
\g_tmpb_box=\box65
L3 Module: l3coffins 2016/05/17 v6508 L3 Coffin code layer
\l__coffin_internal_box=\box66
\l__coffin_internal_dim=\dimen145
\l__coffin_offset_x_dim=\dimen146
\l__coffin_offset_y_dim=\dimen147
\l__coffin_x_dim=\dimen148
\l__coffin_y_dim=\dimen149
\l__coffin_x_prime_dim=\dimen150
\l__coffin_y_prime_dim=\dimen151
\c_empty_coffin=\box67
\l__coffin_aligned_coffin=\box68
\l__coffin_aligned_internal_coffin=\box69
\l_tmpa_coffin=\box70
\l_tmpb_coffin=\box71
\l__coffin_display_coffin=\box72
\l__coffin_display_coord_coffin=\box73
\l__coffin_display_pole_coffin=\box74
\l__coffin_display_offset_dim=\dimen152
\l__coffin_display_x_dim=\dimen153
\l__coffin_display_y_dim=\dimen154
L3 Module: l3color 2014/08/23 v5354 L3 Experimental color support
L3 Module: l3sys 2015/09/25 v6087 L3 Experimental system/runtime functions
L3 Module: l3candidates 2016/05/13 v6484 L3 Experimental additions to l3kernel
\l__box_top_dim=\dimen155
\l__box_bottom_dim=\dimen156
\l__box_left_dim=\dimen157
\l__box_right_dim=\dimen158
\l__box_top_new_dim=\dimen159
\l__box_bottom_new_dim=\dimen160
\l__box_left_new_dim=\dimen161
\l__box_right_new_dim=\dimen162
\l__box_internal_box=\box75
\l__coffin_bounding_shift_dim=\dimen163
\l__coffin_left_corner_dim=\dimen164
\l__coffin_right_corner_dim=\dimen165
\l__coffin_bottom_corner_dim=\dimen166
\l__coffin_top_corner_dim=\dimen167
\l__coffin_scaled_total_height_dim=\dimen168
\l__coffin_scaled_width_dim=\dimen169
L3 Module: l3luatex 2016/03/26 v6465 L3 Experimental LuaTeX-specific functions
)
(/usr/local/texlive/2016/texmf-dist/tex/latex/l3kernel/l3pdfmode.def
File: l3pdfmode.def 2016/03/26 v6465 L3 Experimental driver: PDF mode
\l__driver_color_stack_int=\count162
\l__driver_tmp_box=\box76
))
Package: breqn 2015/08/11 v0.98d Breaking equations

(/usr/local/texlive/2016/texmf-dist/tex/latex/breqn/flexisym.sty
Package: flexisym 2015/08/11 v0.98d Make math characters macros
LaTeX Info: Redefining \textprime on input line 299.
LaTeX Info: Redefining \not on input line 357.

(/usr/local/texlive/2016/texmf-dist/tex/latex/breqn/cmbase.sym
File: cmbase.sym 2007/12/19 v0.92
LaTeX Info: Redefining \hbar on input line 324.
LaTeX Info: Redefining \surd on input line 326.
LaTeX Info: Redefining \angle on input line 334.
LaTeX Info: Redefining \neq on input line 335.
LaTeX Info: Redefining \mapsto on input line 336.
LaTeX Info: Redefining \cong on input line 337.
LaTeX Info: Redefining \notin on input line 340.
LaTeX Info: Redefining \rightleftharpoons on input line 341.
LaTeX Info: Redefining \doteq on input line 342.
LaTeX Info: Redefining \hookrightarrow on input line 343.
LaTeX Info: Redefining \hookleftarrow on input line 344.
LaTeX Info: Redefining \bowtie on input line 345.
LaTeX Info: Redefining \models on input line 346.
LaTeX Info: Redefining \Longrightarrow on input line 347.
LaTeX Info: Redefining \longrightarrow on input line 348.
LaTeX Info: Redefining \Longleftarrow on input line 349.
LaTeX Info: Redefining \longleftarrow on input line 350.
LaTeX Info: Redefining \longmapsto on input line 351.
LaTeX Info: Redefining \longleftrightarrow on input line 352.
LaTeX Info: Redefining \Longleftrightarrow on input line 353.
LaTeX Info: Redefining \cdots on input line 357.
LaTeX Info: Redefining \vdots on input line 360.
LaTeX Info: Redefining \ddots on input line 365.
)
(/usr/local/texlive/2016/texmf-dist/tex/latex/breqn/mathstyle.sty
Package: mathstyle 2015/08/11 v0.98d Tracking mathstyle implicitly
LaTeX Info: Redefining \displaystyle on input line 93.
LaTeX Info: Redefining \textstyle on input line 95.
LaTeX Info: Redefining \scriptstyle on input line 97.
LaTeX Info: Redefining \scriptscriptstyle on input line 99.
LaTeX Info: Redefining \genfrac on input line 145.
))
(/usr/local/texlive/2016/texmf-dist/tex/latex/tools/calc.sty
Package: calc 2014/10/28 v4.3 Infix arithmetic (KKT,FJ)
\calc@Acount=\count163
\calc@Bcount=\count164
\calc@Adimen=\dimen170
\calc@Bdimen=\dimen171
\calc@Askip=\skip55
\calc@Bskip=\skip56
LaTeX Info: Redefining \setlength on input line 80.
LaTeX Info: Redefining \addtolength on input line 81.
\calc@Ccount=\count165
\calc@Cskip=\skip57
)
\inf@bad=\count166
\maxint=\count167
\listwidth=\dimen172
\eqnumsep=\dimen173
\eqmargin=\dimen174
\eqlinespacing=\skip58
\eqlineskip=\skip59
\eqlineskiplimit=\dimen175
\eqbinoffset=\muskip18
\eqdelimoffset=\muskip19
\eqindentstep=\dimen176
\eqstyle=\toks24
\eqbreakdepth=\count168
\eqinterlinepenalty=\count169
\intereqpenalty=\count170
\intereqskip=\skip60
\prerelpenalty=\count171
\prebinoppenalty=\count172
\Dmedmuskip=\muskip20
\Dthickmuskip=\muskip21
\eqleftskip=\skip61
\eqrightskip=\skip62
\eq@vspan=\skip63
\eq@binoffset=\muskip22
\EQ@box=\box77
\EQ@copy=\box78
\EQ@numbox=\box79
\eq@wdNum=\dimen177
\GRP@numbox=\box80
\grp@wdNum=\dimen178
\eq@lines=\count173
\eq@curline=\count174
\eq@badness=\count175
\EQ@vims=\count176
\eq@dp=\dimen179
\eq@wdL=\dimen180
\eq@wdT=\dimen181
\eq@wdMin=\dimen182
\grp@wdL=\dimen183
\grp@wdR=\dimen184
\grp@wdT=\dimen185
\eq@wdRmax=\dimen186
\eq@firstht=\dimen187
\eq@wdCond=\dimen188
\eq@indentstep=\dimen189
\eq@linewidth=\dimen190
\grp@linewidth=\dimen191
\eq@hshift=\dimen192
\eq@given@sidespace=\dimen193
\mathindent=\dimen194
\eq@final@linecount=\count177
\eq@wdR=\dimen195
\EQ@continue=\toks25
\lr@level=\count178
\GRP@queue=\toks26
\GRP@box=\box81
\GRP@wholebox=\box82
\darraycolsep=\skip64
\cur@row=\count179
\cur@col=\count180
\conditionsep=\skip65
)
(/usr/local/texlive/2016/texmf-dist/tex/latex/tools/bm.sty
Package: bm 2016/02/27 v1.2a Bold Symbol Support (DPC/FMi)
\symboldoperators=\mathgroup6
\symboldletters=\mathgroup7
\symboldsymbols=\mathgroup8
LaTeX Font Info:    Redeclaring math alphabet \mathbf on input line 142.
LaTeX Info: Redefining \bm on input line 208.
)
(/usr/local/texlive/2016/texmf-dist/tex/latex/adjustbox/adjustbox.sty
Package: adjustbox 2012/05/21 v1.0 Adjusting TeX boxes (trim, clip, ...)

(/usr/local/texlive/2016/texmf-dist/tex/latex/xkeyval/xkeyval.sty
Package: xkeyval 2014/12/03 v2.7a package option processing (HA)

(/usr/local/texlive/2016/texmf-dist/tex/generic/xkeyval/xkeyval.tex
(/usr/local/texlive/2016/texmf-dist/tex/generic/xkeyval/xkvutils.tex
\XKV@toks=\toks27
\XKV@tempa@toks=\toks28
)
\XKV@depth=\count181
File: xkeyval.tex 2014/12/03 v2.7a key=value parser (HA)
))
(/usr/local/texlive/2016/texmf-dist/tex/latex/adjustbox/adjcalc.sty
Package: adjcalc 2012/05/16 v1.1 Provides advanced setlength with multiple back
-ends (calc, etex, pgfmath)
)
(/usr/local/texlive/2016/texmf-dist/tex/latex/adjustbox/trimclip.sty
Package: trimclip 2012/05/16 v1.0 Trim and clip general TeX material

(/usr/local/texlive/2016/texmf-dist/tex/latex/collectbox/collectbox.sty
Package: collectbox 2012/05/17 v0.4b Collect macro arguments as boxes
\collectedbox=\box83
)
\tc@llx=\dimen196
\tc@lly=\dimen197
\tc@urx=\dimen198
\tc@ury=\dimen199
Package trimclip Info: Using driver 'tc-pdftex.def'.

(/usr/local/texlive/2016/texmf-dist/tex/latex/adjustbox/tc-pdftex.def
File: tc-pdftex.def 2012/05/13 v1.0 Clipping driver for pdftex
))
\adjbox@Width=\dimen256
\adjbox@Height=\dimen257
\adjbox@Depth=\dimen258
\adjbox@Totalheight=\dimen259

(/usr/local/texlive/2016/texmf-dist/tex/latex/ifoddpage/ifoddpage.sty
Package: ifoddpage 2016/04/23 v1.1 Conditionals for odd/even page detection
\c@checkoddpage=\count182
)
(/usr/local/texlive/2016/texmf-dist/tex/latex/varwidth/varwidth.sty
Package: varwidth 2009/03/30 ver 0.92;  Variable-width minipages
\@vwid@box=\box84
\sift@deathcycles=\count183
\@vwid@loff=\dimen260
\@vwid@roff=\dimen261
))
Package hyperref Info: Option `colorlinks' set `true' on input line 46.


Package hyperref Warning: Option `bookmarks' has already been used,
(hyperref)                setting the option has no effect on input line 46.

(./Americas_Warzone.aux

LaTeX Warning: Label `headings' multiply defined.


LaTeX Warning: Label `tab:data' multiply defined.


LaTeX Warning: Label `tab:data' multiply defined.


LaTeX Warning: Label `tab:data' multiply defined.


LaTeX Warning: Label `tab:data' multiply defined.


LaTeX Warning: Label `tab:data' multiply defined.


LaTeX Warning: Label `tab:data' multiply defined.


LaTeX Warning: Label `tab:data' multiply defined.


LaTeX Warning: Label `tab:data' multiply defined.

)
\openout1 = `Americas_Warzone.aux'.

LaTeX Font Info:    Checking defaults for OML/cmm/m/it on input line 54.
LaTeX Font Info:    ... okay on input line 54.
LaTeX Font Info:    Checking defaults for T1/cmr/m/n on input line 54.
LaTeX Font Info:    ... okay on input line 54.
LaTeX Font Info:    Checking defaults for OT1/cmr/m/n on input line 54.
LaTeX Font Info:    ... okay on input line 54.
LaTeX Font Info:    Checking defaults for OMS/cmsy/m/n on input line 54.
LaTeX Font Info:    ... okay on input line 54.
LaTeX Font Info:    Checking defaults for OMX/cmex/m/n on input line 54.
LaTeX Font Info:    ... okay on input line 54.
LaTeX Font Info:    Checking defaults for U/cmr/m/n on input line 54.
LaTeX Font Info:    ... okay on input line 54.
LaTeX Font Info:    Checking defaults for PD1/pdf/m/n on input line 54.
LaTeX Font Info:    ... okay on input line 54.
LaTeX Font Info:    Try loading font information for OT1+ptm on input line 54.
 (/usr/local/texlive/2016/texmf-dist/tex/latex/psnfss/ot1ptm.fd
File: ot1ptm.fd 2001/06/04 font definitions for OT1/ptm.
)
\AtBeginShipoutBox=\box85

(/usr/local/texlive/2016/texmf-dist/tex/context/base/mkii/supp-pdf.mkii
[Loading MPS to PDF converter (version 2006.09.02).]
\scratchcounter=\count184
\scratchdimen=\dimen262
\scratchbox=\box86
\nofMPsegments=\count185
\nofMParguments=\count186
\everyMPshowfont=\toks29
\MPscratchCnt=\count187
\MPscratchDim=\dimen263
\MPnumerator=\count188
\makeMPintoPDFobject=\count189
\everyMPtoPDFconversion=\toks30
)
Package hyperref Info: Link coloring ON on input line 54.
 (/usr/local/texlive/2016/texmf-dist/tex/latex/hyperref/nameref.sty
Package: nameref 2012/10/27 v2.43 Cross-referencing by name of section

(/usr/local/texlive/2016/texmf-dist/tex/generic/oberdiek/gettitlestring.sty
Package: gettitlestring 2016/05/16 v1.5 Cleanup title references (HO)
)
\c@section@level=\count190
)
LaTeX Info: Redefining \ref on input line 54.
LaTeX Info: Redefining \pageref on input line 54.
LaTeX Info: Redefining \nameref on input line 54.

(./Americas_Warzone.out) (./Americas_Warzone.out)
\@outlinefile=\write3
\openout3 = `Americas_Warzone.out'.


(/usr/local/texlive/2016/texmf-dist/tex/latex/oberdiek/epstopdf-base.sty
Package: epstopdf-base 2016/05/15 v2.6 Base part for package epstopdf

(/usr/local/texlive/2016/texmf-dist/tex/latex/oberdiek/grfext.sty
Package: grfext 2016/05/16 v1.2 Manage graphics extensions (HO)
)
Package grfext Info: Graphics extension search list:
(grfext)             [.png,.pdf,.jpg,.mps,.jpeg,.jbig2,.jb2,.PNG,.PDF,.JPG,.JPE
G,.JBIG2,.JB2,.eps]
(grfext)             \AppendGraphicsExtensions on input line 456.

(/usr/local/texlive/2016/texmf-dist/tex/latex/latexconfig/epstopdf-sys.cfg
File: epstopdf-sys.cfg 2010/07/13 v1.3 Configuration of (r)epstopdf for TeX Liv
e
))
\c@lstlisting=\count191
LaTeX Font Info:    Font shape `OT1/ptm/bx/n' in size <17.28> not available
(Font)              Font shape `OT1/ptm/b/n' tried instead on input line 57.
LaTeX Font Info:    Try loading font information for U+msa on input line 57.

(/usr/local/texlive/2016/texmf-dist/tex/latex/amsfonts/umsa.fd
File: umsa.fd 2013/01/14 v3.01 AMS symbols A
)
LaTeX Font Info:    Try loading font information for U+msb on input line 57.

(/usr/local/texlive/2016/texmf-dist/tex/latex/amsfonts/umsb.fd
File: umsb.fd 2013/01/14 v3.01 AMS symbols B
)
LaTeX Font Info:    Font shape `OT1/ptm/bx/n' in size <10> not available
(Font)              Font shape `OT1/ptm/b/n' tried instead on input line 57.
LaTeX Font Info:    Try loading font information for OT1+pcr on input line 57.

(/usr/local/texlive/2016/texmf-dist/tex/latex/psnfss/ot1pcr.fd
File: ot1pcr.fd 2001/06/04 font definitions for OT1/pcr.
)
LaTeX Font Info:    Font shape `OT1/ptm/bx/n' in size <12> not available
(Font)              Font shape `OT1/ptm/b/n' tried instead on input line 58.

Underfull \hbox (badness 10000) in paragraph at lines 61--62

 []


Underfull \hbox (badness 10000) in paragraph at lines 114--115

 []


Underfull \vbox (badness 4205) has occurred while \output is active []

 [1

{/usr/local/texlive/2016/texmf-var/fonts/map/pdftex/updmap/pdftex.map}pdfTeX wa
rning (ext4): destination with the same identifier (name{table.1}) has been alr
eady used, duplicate ignored

\AtBegShi@Output ...ipout \box \AtBeginShipoutBox 
                                                  \fi \fi 
l.115 
      ] <CopyOfside.png, id=105, 476.53032pt x 378.66469pt>
File: CopyOfside.png Graphic file (type png)

<use CopyOfside.png>
Package pdftex.def Info: CopyOfside.png used on input line 119.
(pdftex.def)             Requested size: 317.9892pt x 252.69865pt.
 <Plots/population.png, id=106, 476.53032pt x 378.66469pt>
File: Plots/population.png Graphic file (type png)

<use Plots/population.png>
Package pdftex.def Info: Plots/population.png used on input line 129.
(pdftex.def)             Requested size: 317.9892pt x 252.69865pt.


LaTeX Warning: `h' float specifier changed to `ht'.

<Plots/counts_by_pop.png, id=107, 476.53032pt x 378.66469pt>
File: Plots/counts_by_pop.png Graphic file (type png)

<use Plots/counts_by_pop.png>
Package pdftex.def Info: Plots/counts_by_pop.png used on input line 138.
(pdftex.def)             Requested size: 317.9892pt x 252.69865pt.


LaTeX Warning: `h' float specifier changed to `ht'.


Underfull \hbox (badness 10000) in paragraph at lines 144--145

 []


Underfull \hbox (badness 10000) in paragraph at lines 144--145

 []


Underfull \hbox (badness 10000) in paragraph at lines 144--145

 []

[2pdfTeX warning (ext4): destination with the same identifier (name{figure.1}) 
has been already used, duplicate ignored

\AtBegShi@Output ...ipout \box \AtBeginShipoutBox 
                                                  \fi \fi 
l.145 \clearpage
                \newpage <./CopyOfside.png (PNG copy)>] [3pdfTeX warning (ext4)
: destination with the same identifier (name{figure.2}) has been already used, 
duplicate ignored

\AtBegShi@Output ...ipout \box \AtBeginShipoutBox 
                                                  \fi \fi 
l.145 \clearpage
                \newpagepdfTeX warning (ext4): destination with the same identi
fier (name{figure.3}) has been already used, duplicate ignored

\AtBegShi@Output ...ipout \box \AtBeginShipoutBox 
                                                  \fi \fi 
l.145 \clearpage
                \newpage <./Plots/population.png (PNG copy)> <./Plots/counts_by
_pop.png (PNG copy)>] <Plots/south_ACF.png, id=119, 476.53032pt x 207.77625pt>
File: Plots/south_ACF.png Graphic file (type png)

<use Plots/south_ACF.png>
Package pdftex.def Info: Plots/south_ACF.png used on input line 148.
(pdftex.def)             Requested size: 227.62672pt x 142.26878pt.

Overfull \hbox (43.11061pt too wide) in paragraph at lines 148--149
[][]
 []

<Plots/south_PACF.png, id=120, 476.53032pt x 207.77625pt>
File: Plots/south_PACF.png Graphic file (type png)

<use Plots/south_PACF.png>
Package pdftex.def Info: Plots/south_PACF.png used on input line 153.
(pdftex.def)             Requested size: 227.62672pt x 142.26878pt.

Overfull \hbox (43.11061pt too wide) in paragraph at lines 153--154
[][]
 []


Underfull \hbox (badness 10000) in paragraph at lines 158--159

 []


Underfull \hbox (badness 10000) in paragraph at lines 158--159

 []

<Plots/south_resid_ACF.png, id=124, 476.53032pt x 207.77625pt>
File: Plots/south_resid_ACF.png Graphic file (type png)

<use Plots/south_resid_ACF.png>
Package pdftex.def Info: Plots/south_resid_ACF.png used on input line 162.
(pdftex.def)             Requested size: 142.26378pt x 62.02899pt.

<Plots/south_resid_PACF.png, id=125, 476.53032pt x 207.77625pt>
File: Plots/south_resid_PACF.png Graphic file (type png)

<use Plots/south_resid_PACF.png>
Package pdftex.def Info: Plots/south_resid_PACF.png used on input line 168.
(pdftex.def)             Requested size: 142.26378pt x 62.02899pt.

Underfull \hbox (badness 10000) in paragraph at lines 189--190

 []

[4

pdfTeX warning (ext4): destination with the same identifier (name{figure.4}) ha
s been already used, duplicate ignored

\AtBegShi@Output ...ipout \box \AtBeginShipoutBox 
                                                  \fi \fi 
l.198 
      pdfTeX warning (ext4): destination with the same identifier (name{figure.
5}) has been already used, duplicate ignored

\AtBegShi@Output ...ipout \box \AtBeginShipoutBox 
                                                  \fi \fi 
l.198 
      pdfTeX warning (ext4): destination with the same identifier (name{figure.
6}) has been already used, duplicate ignored

\AtBegShi@Output ...ipout \box \AtBeginShipoutBox 
                                                  \fi \fi 
l.198 
      pdfTeX warning (ext4): destination with the same identifier (name{figure.
7}) has been already used, duplicate ignored

\AtBegShi@Output ...ipout \box \AtBeginShipoutBox 
                                                  \fi \fi 
l.198 
      pdfTeX warning (ext4): destination with the same identifier (name{table.2
}) has been already used, duplicate ignored

\AtBegShi@Output ...ipout \box \AtBeginShipoutBox 
                                                  \fi \fi 
l.198 
       <./Plots/south_ACF.png (PNG copy)> <./Plots/south_PACF.png (PNG copy)> <
./Plots/south_resid_ACF.png (PNG copy)> <./Plots/south_resid_PACF.png (PNG copy
)>] [5]
Overfull \hbox (26.56966pt too wide) detected at line 275
[] []
 []

Missing character: There is no â in font ptmr7t!
Missing character: There is no € in font ptmr7t!
Missing character: There is no ™ in font ptmr7t!

LaTeX Warning: `h' float specifier changed to `ht'.


LaTeX Warning: `h' float specifier changed to `ht'.

<Plots/results.pdf, id=173, 650.43pt x 650.43pt>
File: Plots/results.pdf Graphic file (type pdf)
 <use Plots/results.pdf>
Package pdftex.def Info: Plots/results.pdf used on input line 361.
(pdftex.def)             Requested size: 397.48499pt x 397.49615pt.

[6]
Underfull \vbox (badness 10000) has occurred while \output is active []

 [7pdfTeX warning (ext4): destination with the same identifier (name{table.3}) 
has been already used, duplicate ignored

\AtBegShi@Output ...ipout \box \AtBeginShipoutBox 
                                                  \fi \fi 
l.377 \clearpage
                \newpage] [8pdfTeX warning (ext4): destination with the same id
entifier (name{table.4}) has been already used, duplicate ignored

\AtBegShi@Output ...ipout \box \AtBeginShipoutBox 
                                                  \fi \fi 
l.377 \clearpage
                \newpage] [9pdfTeX warning (ext4): destination with the same id
entifier (name{figure.8}) has been already used, duplicate ignored

\AtBegShi@Output ...ipout \box \AtBeginShipoutBox 
                                                  \fi \fi 
l.377 \clearpage
                \newpage <./Plots/results.pdf>]
Underfull \hbox (badness 10000) in paragraph at lines 382--383
[][]$\OT1/pcr/m/n/10 http : / / articles . chicagotribune . com / 1986-[]03-[]1
5 / news / 8601190592 _ 1 _
 []


Underfull \hbox (badness 10000) in paragraph at lines 384--385
[][]$\OT1/pcr/m/n/10 https : / / data . cityofchicago . org / Community-[]Econo
mic-[]Development /
 []


Underfull \hbox (badness 6078) in paragraph at lines 386--387
\OT1/ptm/m/n/10 Open Data Project. [][]$\OT1/pcr/m/n/10 https : / / data . city
ofchicago . org / Service-[]Requests /
 []


Underfull \hbox (badness 1112) in paragraph at lines 388--389
\OT1/pcr/m/n/10 Census-[]Data-[]Selected-[]socioeconomic-[]indicators-[]in-[]C 
/ kn9c-[]c2s2$[][]\OT1/ptm/m/n/10 . May
 []


Underfull \hbox (badness 10000) in paragraph at lines 391--392
[]\OT1/ptm/m/n/10 [5] City of Chicago. \OT1/ptm/m/it/10 Pub-lic Health Statisti
cs- Se-lected pub-lic health in-di-
 []


Underfull \hbox (badness 10000) in paragraph at lines 391--392
\OT1/ptm/m/it/10 ca-tors by Chicago com-mu-nity area. \OT1/ptm/m/n/10 City of C
hicago Open Data Project.
 []


Underfull \hbox (badness 10000) in paragraph at lines 391--392
[][]$\OT1/pcr/m/n/10 https : / / data . cityofchicago . org / Health-[]Human-[]
Services /
 []


Underfull \hbox (badness 1112) in paragraph at lines 391--392
\OT1/pcr/m/n/10 Public-[]Health-[]Statistics-[]Selected-[]public-[]health-[]in 
/ iqnk-[]2tcu$[][]\OT1/ptm/m/n/10 . May
 []


Underfull \hbox (badness 4467) in paragraph at lines 395--396
[]\OT1/ptm/m/n/10 [6] City of Chicago. \OT1/ptm/m/it/10 Pub-lic Safety: Crimes 
2001 to Present. \OT1/ptm/m/n/10 City of Chicago
 []


Underfull \hbox (badness 10000) in paragraph at lines 395--396
\OT1/ptm/m/n/10 Open Data Project. [][]$\OT1/pcr/m/n/10 https : / / data . city
ofchicago . org / Public-[]Safety /
 []


Underfull \hbox (badness 10000) in paragraph at lines 398--399
[][]$\OT1/pcr/m/n/10 https : / / data . cityofchicago . org / Community-[]Econo
mic-[]Development /
 []


Underfull \hbox (badness 10000) in paragraph at lines 400--401
[]\OT1/ptm/m/n/10 [8] City of Chicago. \OT1/ptm/m/it/10 311 Ser-vice Re-quests 
Graf-fiti Re-
 []


Underfull \hbox (badness 10000) in paragraph at lines 400--401
\OT1/ptm/m/it/10 moval. \OT1/ptm/m/n/10 City of Chicago Open Data Project. [][]
$\OT1/pcr/m/n/10 https : / / data .
 []


Underfull \hbox (badness 10000) in paragraph at lines 400--401
\OT1/pcr/m/n/10 cityofchicago . org / Environment-[]Sustainable-[]Development /

 []


Underfull \hbox (badness 10000) in paragraph at lines 400--401
\OT1/pcr/m/n/10 Average-[]Gas-[]Usage-[]per-[]Square-[]Foot-[]by-[]Community-[]
Are / jp7r-[]k6h2$[][]\OT1/ptm/m/n/10 , May
 []


Underfull \hbox (badness 10000) in paragraph at lines 405--406
\OT1/pcr/m/n/10 2010-[]census-[]data-[]summarized-[]to-[]chicago-[]community-[]
areas / resource /
 []


Underfull \hbox (badness 10000) in paragraph at lines 410--411
\OT1/pcr/m/n/10 publication / 2013 / 12 / 48yearsofcrime _ final _ ispsworkingp
aper023 . pdf$[][]\OT1/ptm/m/n/10 .
 []


Underfull \hbox (badness 1412) in paragraph at lines 412--413
[]\OT1/ptm/m/n/10 [12] Pear-son, Rick. \OT1/ptm/m/it/10 Trump Again As-sails Ch
icago gun vi-o-lence in speech to Congress\OT1/ptm/m/n/10 .
 []


Underfull \hbox (badness 7168) in paragraph at lines 412--413
\OT1/ptm/m/n/10 Chicago Tri-bune. [][]$\OT1/pcr/m/n/10 http : / / www . chicago
tribune . com / news / local / politics /
 []


Underfull \hbox (badness 10000) in paragraph at lines 412--413
\OT1/pcr/m/n/10 ct-[]donald-[]trump-[]congress-[]speech-[]chicago-[]met-[]20170
228-[]story . html$[][]\OT1/ptm/m/n/10 .
 []

[10

] <Plots/West_ACF.png, id=248, 476.53032pt x 207.77625pt>
File: Plots/West_ACF.png Graphic file (type png)

<use Plots/West_ACF.png>
Package pdftex.def Info: Plots/West_ACF.png used on input line 433.
(pdftex.def)             Requested size: 227.62672pt x 142.26878pt.

Overfull \hbox (43.11061pt too wide) in paragraph at lines 433--434
[][] 
 []

<Plots/West_PACF.png, id=249, 476.53032pt x 207.77625pt>
File: Plots/West_PACF.png Graphic file (type png)

<use Plots/West_PACF.png>
Package pdftex.def Info: Plots/West_PACF.png used on input line 437.
(pdftex.def)             Requested size: 227.62672pt x 142.26878pt.

Overfull \hbox (43.11061pt too wide) in paragraph at lines 437--438
[][] 
 []

<Plots/west_resids_ACF.png, id=250, 476.53032pt x 207.77625pt>
File: Plots/west_resids_ACF.png Graphic file (type png)

<use Plots/west_resids_ACF.png>
Package pdftex.def Info: Plots/west_resids_ACF.png used on input line 441.
(pdftex.def)             Requested size: 227.62672pt x 142.26878pt.

Overfull \hbox (43.11061pt too wide) in paragraph at lines 441--442
[][] 
 []

<Plots/west_resids_PACF.png, id=251, 476.53032pt x 207.77625pt>
File: Plots/west_resids_PACF.png Graphic file (type png)

<use Plots/west_resids_PACF.png>
Package pdftex.def Info: Plots/west_resids_PACF.png used on input line 445.
(pdftex.def)             Requested size: 227.62672pt x 142.26878pt.

Overfull \hbox (43.11061pt too wide) in paragraph at lines 445--446
[][] 
 []


Underfull \vbox (badness 10000) has occurred while \output is active []

 [11

pdfTeX warning (ext4): destination with the same identifier (name{table.5}) has
 been already used, duplicate ignored

\AtBegShi@Output ...ipout \box \AtBeginShipoutBox 
                                                  \fi \fi 
l.471  \break
              <./Plots/West_ACF.png (PNG copy)> <./Plots/West_PACF.png (PNG cop
y)> <./Plots/west_resids_ACF.png (PNG copy)> <./Plots/west_resids_PACF.png (PNG
 copy)>] <Plots/southwest_acf.png, id=257, 476.53032pt x 207.77625pt>
File: Plots/southwest_acf.png Graphic file (type png)

<use Plots/southwest_acf.png>
Package pdftex.def Info: Plots/southwest_acf.png used on input line 478.
(pdftex.def)             Requested size: 227.62672pt x 142.26878pt.

Overfull \hbox (43.11061pt too wide) in paragraph at lines 478--479
[][] 
 []

<Plots/southwest_PACF.png, id=258, 476.53032pt x 207.77625pt>
File: Plots/southwest_PACF.png Graphic file (type png)

<use Plots/southwest_PACF.png>
Package pdftex.def Info: Plots/southwest_PACF.png used on input line 482.
(pdftex.def)             Requested size: 227.62672pt x 142.26878pt.

Overfull \hbox (43.11061pt too wide) in paragraph at lines 482--483
[][] 
 []

<Plots/southwest_resid_ACF.png, id=259, 476.53032pt x 207.77625pt>
File: Plots/southwest_resid_ACF.png Graphic file (type png)

<use Plots/southwest_resid_ACF.png>
Package pdftex.def Info: Plots/southwest_resid_ACF.png used on input line 486.
(pdftex.def)             Requested size: 227.62672pt x 142.26878pt.

Overfull \hbox (43.11061pt too wide) in paragraph at lines 486--487
[][] 
 []

<Plots/southwest_resid_pacf.png, id=260, 476.53032pt x 207.77625pt>
File: Plots/southwest_resid_pacf.png Graphic file (type png)

<use Plots/southwest_resid_pacf.png>
Package pdftex.def Info: Plots/southwest_resid_pacf.png used on input line 490.

(pdftex.def)             Requested size: 227.62672pt x 142.26878pt.

Overfull \hbox (43.11061pt too wide) in paragraph at lines 490--491
[][] 
 []


Underfull \vbox (badness 10000) has occurred while \output is active []

 [12pdfTeX warning (ext4): destination with the same identifier (name{table.6})
 has been already used, duplicate ignored

\AtBegShi@Output ...ipout \box \AtBeginShipoutBox 
                                                  \fi \fi 
l.519  \break
              <./Plots/southwest_acf.png (PNG copy)> <./Plots/southwest_PACF.pn
g (PNG copy)> <./Plots/southwest_resid_ACF.png (PNG copy)> <./Plots/southwest_r
esid_pacf.png (PNG copy)>]
<Plots/southeast_acf.png, id=266, 476.53032pt x 207.77625pt>
File: Plots/southeast_acf.png Graphic file (type png)

<use Plots/southeast_acf.png>
Package pdftex.def Info: Plots/southeast_acf.png used on input line 529.
(pdftex.def)             Requested size: 227.62672pt x 142.26878pt.

Overfull \hbox (43.11061pt too wide) in paragraph at lines 529--530
[][] 
 []

<Plots/southeast_PACF.png, id=267, 476.53032pt x 207.77625pt>
File: Plots/southeast_PACF.png Graphic file (type png)

<use Plots/southeast_PACF.png>
Package pdftex.def Info: Plots/southeast_PACF.png used on input line 533.
(pdftex.def)             Requested size: 227.62672pt x 142.26878pt.

Overfull \hbox (43.11061pt too wide) in paragraph at lines 533--534
[][] 
 []

<Plots/southeast_resid_acf.png, id=268, 476.53032pt x 207.77625pt>
File: Plots/southeast_resid_acf.png Graphic file (type png)

<use Plots/southeast_resid_acf.png>
Package pdftex.def Info: Plots/southeast_resid_acf.png used on input line 537.
(pdftex.def)             Requested size: 227.62672pt x 142.26878pt.

Overfull \hbox (43.11061pt too wide) in paragraph at lines 537--538
[][] 
 []

<Plots/southeast_resid_pacf.png, id=269, 476.53032pt x 207.77625pt>
File: Plots/southeast_resid_pacf.png Graphic file (type png)

<use Plots/southeast_resid_pacf.png>
Package pdftex.def Info: Plots/southeast_resid_pacf.png used on input line 541.

(pdftex.def)             Requested size: 227.62672pt x 142.26878pt.

Overfull \hbox (43.11061pt too wide) in paragraph at lines 541--542
[][] 
 []


Underfull \vbox (badness 10000) has occurred while \output is active []

 [13pdfTeX warning (ext4): destination with the same identifier (name{table.7})
 has been already used, duplicate ignored

\AtBegShi@Output ...ipout \box \AtBeginShipoutBox 
                                                  \fi \fi 
l.572  \break
              <./Plots/southeast_acf.png (PNG copy)> <./Plots/southeast_PACF.pn
g (PNG copy)> <./Plots/southeast_resid_acf.png (PNG copy)> <./Plots/southeast_r
esid_pacf.png (PNG copy)>]
<Plots/northwest_ACF.png, id=276, 476.53032pt x 207.77625pt>
File: Plots/northwest_ACF.png Graphic file (type png)

<use Plots/northwest_ACF.png>
Package pdftex.def Info: Plots/northwest_ACF.png used on input line 579.
(pdftex.def)             Requested size: 227.62672pt x 142.26878pt.

Overfull \hbox (43.11061pt too wide) in paragraph at lines 579--580
[][] 
 []

<Plots/northwest_PACF.png, id=277, 476.53032pt x 207.77625pt>
File: Plots/northwest_PACF.png Graphic file (type png)

<use Plots/northwest_PACF.png>
Package pdftex.def Info: Plots/northwest_PACF.png used on input line 583.
(pdftex.def)             Requested size: 227.62672pt x 142.26878pt.

Overfull \hbox (43.11061pt too wide) in paragraph at lines 583--584
[][] 
 []

<Plots/northwest_resid_ACF.png, id=278, 476.53032pt x 207.77625pt>
File: Plots/northwest_resid_ACF.png Graphic file (type png)

<use Plots/northwest_resid_ACF.png>
Package pdftex.def Info: Plots/northwest_resid_ACF.png used on input line 587.
(pdftex.def)             Requested size: 227.62672pt x 142.26878pt.

Overfull \hbox (43.11061pt too wide) in paragraph at lines 587--588
[][] 
 []

<Plots/northwest_resid_PACF.png, id=279, 476.53032pt x 207.77625pt>
File: Plots/northwest_resid_PACF.png Graphic file (type png)

<use Plots/northwest_resid_PACF.png>
Package pdftex.def Info: Plots/northwest_resid_PACF.png used on input line 591.

(pdftex.def)             Requested size: 227.62672pt x 142.26878pt.

Overfull \hbox (43.11061pt too wide) in paragraph at lines 591--592
[][] 
 []


Underfull \vbox (badness 10000) has occurred while \output is active []

 [14pdfTeX warning (ext4): destination with the same identifier (name{table.8})
 has been already used, duplicate ignored

\AtBegShi@Output ...ipout \box \AtBeginShipoutBox 
                                                  \fi \fi 
l.614  \break
              <./Plots/northwest_ACF.png (PNG copy)> <./Plots/northwest_PACF.pn
g (PNG copy)> <./Plots/northwest_resid_ACF.png (PNG copy)> <./Plots/northwest_r
esid_PACF.png (PNG copy)>]
<Plots/north_ACF.png, id=285, 476.53032pt x 207.77625pt>
File: Plots/north_ACF.png Graphic file (type png)

<use Plots/north_ACF.png>
Package pdftex.def Info: Plots/north_ACF.png used on input line 622.
(pdftex.def)             Requested size: 227.62672pt x 142.26878pt.

Overfull \hbox (43.11061pt too wide) in paragraph at lines 622--623
[][] 
 []

<Plots/North_PACF.png, id=286, 476.53032pt x 207.77625pt>
File: Plots/North_PACF.png Graphic file (type png)

<use Plots/North_PACF.png>
Package pdftex.def Info: Plots/North_PACF.png used on input line 626.
(pdftex.def)             Requested size: 227.62672pt x 142.26878pt.

Overfull \hbox (43.11061pt too wide) in paragraph at lines 626--627
[][] 
 []

<Plots/north_resid_ACF.png, id=287, 476.53032pt x 207.77625pt>
File: Plots/north_resid_ACF.png Graphic file (type png)

<use Plots/north_resid_ACF.png>
Package pdftex.def Info: Plots/north_resid_ACF.png used on input line 630.
(pdftex.def)             Requested size: 227.62672pt x 142.26878pt.

Overfull \hbox (43.11061pt too wide) in paragraph at lines 630--631
[][] 
 []

<Plots/north_resid_PACF.png, id=288, 476.53032pt x 207.77625pt>
File: Plots/north_resid_PACF.png Graphic file (type png)

<use Plots/north_resid_PACF.png>
Package pdftex.def Info: Plots/north_resid_PACF.png used on input line 634.
(pdftex.def)             Requested size: 227.62672pt x 142.26878pt.

Overfull \hbox (43.11061pt too wide) in paragraph at lines 634--635
[][] 
 []


Underfull \vbox (badness 10000) has occurred while \output is active []

 [15pdfTeX warning (ext4): destination with the same identifier (name{table.9})
 has been already used, duplicate ignored

\AtBegShi@Output ...ipout \box \AtBeginShipoutBox 
                                                  \fi \fi 
l.657  \break
              <./Plots/north_ACF.png (PNG copy)> <./Plots/North_PACF.png (PNG c
opy)> <./Plots/north_resid_ACF.png (PNG copy)> <./Plots/north_resid_PACF.png (P
NG copy)>] <Plots/far_southwest_acf.png, id=294, 476.53032pt x 207.77625pt>
File: Plots/far_southwest_acf.png Graphic file (type png)

<use Plots/far_southwest_acf.png>
Package pdftex.def Info: Plots/far_southwest_acf.png used on input line 663.
(pdftex.def)             Requested size: 227.62672pt x 142.26878pt.

Overfull \hbox (43.11061pt too wide) in paragraph at lines 663--664
[][] 
 []

<Plots/far_southwest_pacf.png, id=295, 476.53032pt x 207.77625pt>
File: Plots/far_southwest_pacf.png Graphic file (type png)

<use Plots/far_southwest_pacf.png>
Package pdftex.def Info: Plots/far_southwest_pacf.png used on input line 667.
(pdftex.def)             Requested size: 227.62672pt x 142.26878pt.

Overfull \hbox (43.11061pt too wide) in paragraph at lines 667--668
[][] 
 []

<Plots/far_southwest_resid_acf.png, id=296, 476.53032pt x 207.77625pt>
File: Plots/far_southwest_resid_acf.png Graphic file (type png)

<use Plots/far_southwest_resid_acf.png>
Package pdftex.def Info: Plots/far_southwest_resid_acf.png used on input line 6
71.
(pdftex.def)             Requested size: 227.62672pt x 142.26878pt.

Overfull \hbox (43.11061pt too wide) in paragraph at lines 671--672
[][] 
 []

<Plots/far_southwest_resid_pacf.png, id=297, 476.53032pt x 207.77625pt>
File: Plots/far_southwest_resid_pacf.png Graphic file (type png)

<use Plots/far_southwest_resid_pacf.png>
Package pdftex.def Info: Plots/far_southwest_resid_pacf.png used on input line 
675.
(pdftex.def)             Requested size: 227.62672pt x 142.26878pt.

Overfull \hbox (43.11061pt too wide) in paragraph at lines 675--676
[][] 
 []


Underfull \vbox (badness 10000) has occurred while \output is active []

 [16pdfTeX warning (ext4): destination with the same identifier (name{table.10}
) has been already used, duplicate ignored

\AtBegShi@Output ...ipout \box \AtBeginShipoutBox 
                                                  \fi \fi 
l.699  \break
              <./Plots/far_southwest_acf.png (PNG copy)> <./Plots/far_southwest
_pacf.png (PNG copy)> <./Plots/far_southwest_resid_acf.png (PNG copy)> <./Plots
/far_southwest_resid_pacf.png (PNG copy)>]
<Plots/far_north_ACF.png, id=304, 476.53032pt x 207.77625pt>
File: Plots/far_north_ACF.png Graphic file (type png)

<use Plots/far_north_ACF.png>
Package pdftex.def Info: Plots/far_north_ACF.png used on input line 706.
(pdftex.def)             Requested size: 227.62672pt x 142.26878pt.

Overfull \hbox (43.11061pt too wide) in paragraph at lines 706--707
[][] 
 []

<Plots/far_north_PACF.png, id=305, 476.53032pt x 207.77625pt>
File: Plots/far_north_PACF.png Graphic file (type png)

<use Plots/far_north_PACF.png>
Package pdftex.def Info: Plots/far_north_PACF.png used on input line 710.
(pdftex.def)             Requested size: 227.62672pt x 142.26878pt.

Overfull \hbox (43.11061pt too wide) in paragraph at lines 710--711
[][] 
 []

<Plots/far_north_resids_ACF.png, id=306, 476.53032pt x 207.77625pt>
File: Plots/far_north_resids_ACF.png Graphic file (type png)

<use Plots/far_north_resids_ACF.png>
Package pdftex.def Info: Plots/far_north_resids_ACF.png used on input line 714.

(pdftex.def)             Requested size: 227.62672pt x 142.26878pt.

Overfull \hbox (43.11061pt too wide) in paragraph at lines 714--715
[][] 
 []

<Plots/far_north_resids_PACF.png, id=307, 476.53032pt x 207.77625pt>
File: Plots/far_north_resids_PACF.png Graphic file (type png)

<use Plots/far_north_resids_PACF.png>
Package pdftex.def Info: Plots/far_north_resids_PACF.png used on input line 718
.
(pdftex.def)             Requested size: 227.62672pt x 142.26878pt.

Overfull \hbox (43.11061pt too wide) in paragraph at lines 718--719
[][] 
 []


Underfull \vbox (badness 10000) has occurred while \output is active []

 [17pdfTeX warning (ext4): destination with the same identifier (name{table.11}
) has been already used, duplicate ignored

\AtBegShi@Output ...ipout \box \AtBeginShipoutBox 
                                                  \fi \fi 
l.741  \break
              <./Plots/far_north_ACF.png (PNG copy)> <./Plots/far_north_PACF.pn
g (PNG copy)> <./Plots/far_north_resids_ACF.png (PNG copy)> <./Plots/far_north_
resids_PACF.png (PNG copy)>]
<Plots/Central_ACF.png, id=313, 476.53032pt x 207.77625pt>
File: Plots/Central_ACF.png Graphic file (type png)

<use Plots/Central_ACF.png>
Package pdftex.def Info: Plots/Central_ACF.png used on input line 750.
(pdftex.def)             Requested size: 227.62672pt x 142.26878pt.

Overfull \hbox (43.11061pt too wide) in paragraph at lines 750--751
[][] 
 []

<Plots/Central_PACF.png, id=314, 476.53032pt x 207.77625pt>
File: Plots/Central_PACF.png Graphic file (type png)

<use Plots/Central_PACF.png>
Package pdftex.def Info: Plots/Central_PACF.png used on input line 754.
(pdftex.def)             Requested size: 227.62672pt x 142.26878pt.

Overfull \hbox (43.11061pt too wide) in paragraph at lines 754--755
[][] 
 []

<Plots/Central_resid_ACF.png, id=315, 476.53032pt x 207.77625pt>
File: Plots/Central_resid_ACF.png Graphic file (type png)

<use Plots/Central_resid_ACF.png>
Package pdftex.def Info: Plots/Central_resid_ACF.png used on input line 758.
(pdftex.def)             Requested size: 227.62672pt x 142.26878pt.

Overfull \hbox (43.11061pt too wide) in paragraph at lines 758--759
[][] 
 []

<Plots/Central_resid_PACF.png, id=316, 476.53032pt x 207.77625pt>
File: Plots/Central_resid_PACF.png Graphic file (type png)

<use Plots/Central_resid_PACF.png>
Package pdftex.def Info: Plots/Central_resid_PACF.png used on input line 762.
(pdftex.def)             Requested size: 227.62672pt x 142.26878pt.

Overfull \hbox (43.11061pt too wide) in paragraph at lines 762--763
[][] 
 []


Underfull \vbox (badness 10000) has occurred while \output is active []

 [18pdfTeX warning (ext4): destination with the same identifier (name{table.12}
) has been already used, duplicate ignored

\AtBegShi@Output ...ipout \box \AtBeginShipoutBox 
                                                  \fi \fi 
l.858 
       <./Plots/Central_ACF.png (PNG copy)> <./Plots/Central_PACF.png (PNG copy
)> <./Plots/Central_resid_ACF.png (PNG copy)> <./Plots/Central_resid_PACF.png (
PNG copy)>]
Underfull \vbox (badness 10000) has occurred while \output is active []

 [19pdfTeX warning (ext4): destination with the same identifier (name{table.13}
) has been already used, duplicate ignored

\AtBegShi@Output ...ipout \box \AtBeginShipoutBox 
                                                  \fi \fi 
l.925 
      ]
Package atveryend Info: Empty hook `BeforeClearDocument' on input line 926.
 [20pdfTeX warning (ext4): destination with the same identifier (name{table.14}
) has been already used, duplicate ignored

\AtBegShi@Output ...ipout \box \AtBeginShipoutBox 
                                                  \fi \fi 
l.926 \end{document}
                    ]
Package atveryend Info: Empty hook `AfterLastShipout' on input line 926.
 (./Americas_Warzone.aux)
Package atveryend Info: Executing hook `AtVeryEndDocument' on input line 926.
Package atveryend Info: Executing hook `AtEndAfterFileList' on input line 926.
Package rerunfilecheck Info: File `Americas_Warzone.out' has not changed.
(rerunfilecheck)             Checksum: A8A318FD30C76A2E283AF47A695EB378;1584.


LaTeX Warning: There were multiply-defined labels.

Package atveryend Info: Empty hook `AtVeryVeryEnd' on input line 926.
 ) 
Here is how much of TeX's memory you used:
 16478 strings out of 493014
 278019 string characters out of 6133351
 384163 words of memory out of 5000000
 19706 multiletter control sequences out of 15000+600000
 24856 words of font info for 66 fonts, out of 8000000 for 9000
 1141 hyphenation exceptions out of 8191
 37i,10n,40p,10382b,352s stack positions out of 5000i,500n,10000p,200000b,80000s
{/usr/local/texlive/2016/texmf-dist/fonts/enc/dvips/base/8r.enc}</usr/local/t
exlive/2016/texmf-dist/fonts/type1/public/amsfonts/cm/cmbx10.pfb></usr/local/te
xlive/2016/texmf-dist/fonts/type1/public/amsfonts/cm/cmbx5.pfb></usr/local/texl
ive/2016/texmf-dist/fonts/type1/public/amsfonts/cm/cmbx7.pfb></usr/local/texliv
e/2016/texmf-dist/fonts/type1/public/amsfonts/cm/cmex10.pfb></usr/local/texlive
/2016/texmf-dist/fonts/type1/public/amsfonts/cm/cmmi10.pfb></usr/local/texlive/
2016/texmf-dist/fonts/type1/public/amsfonts/cm/cmmi5.pfb></usr/local/texlive/20
16/texmf-dist/fonts/type1/public/amsfonts/cm/cmmi7.pfb></usr/local/texlive/2016
/texmf-dist/fonts/type1/public/amsfonts/cm/cmmib10.pfb></usr/local/texlive/2016
/texmf-dist/fonts/type1/public/amsfonts/cmextra/cmmib5.pfb></usr/local/texlive/
2016/texmf-dist/fonts/type1/public/amsfonts/cmextra/cmmib7.pfb></usr/local/texl
ive/2016/texmf-dist/fonts/type1/public/amsfonts/cm/cmr10.pfb></usr/local/texliv
e/2016/texmf-dist/fonts/type1/public/amsfonts/cm/cmr7.pfb></usr/local/texlive/2
016/texmf-dist/fonts/type1/public/amsfonts/cm/cmsy10.pfb></usr/local/texlive/20
16/texmf-dist/fonts/type1/public/amsfonts/cm/cmsy5.pfb></usr/local/texlive/2016
/texmf-dist/fonts/type1/public/amsfonts/cm/cmsy6.pfb></usr/local/texlive/2016/t
exmf-dist/fonts/type1/public/amsfonts/cm/cmsy7.pfb></usr/local/texlive/2016/tex
mf-dist/fonts/type1/urw/courier/ucrr8a.pfb></usr/local/texlive/2016/texmf-dist/
fonts/type1/urw/times/utmb8a.pfb></usr/local/texlive/2016/texmf-dist/fonts/type
1/urw/times/utmr8a.pfb></usr/local/texlive/2016/texmf-dist/fonts/type1/urw/time
s/utmri8a.pfb>
Output written on Americas_Warzone.pdf (20 pages, 1490430 bytes).
PDF statistics:
 416 PDF objects out of 1000 (max. 8388607)
 327 compressed objects within 4 object streams
 82 named destinations out of 1000 (max. 500000)
 361 words of extra memory for PDF output out of 10000 (max. 10000000)

